Assignment 6/Ecoscapes ModsApp 6/app/build/outputs/logs/manifest-merger-debug-report.txt
-- Merging decision tree log ---
manifest
ADDED from AndroidManifest.xml:10:1
	xmlns:android
		ADDED from AndroidManifest.xml:10:11
	package
		ADDED from AndroidManifest.xml:11:7
		INJECTED from AndroidManifest.xml:0:0
		INJECTED from AndroidManifest.xml:0:0
	android:versionName
		ADDED from AndroidManifest.xml:13:7
	android:versionCode
		ADDED from AndroidManifest.xml:12:7
		INJECTED from AndroidManifest.xml:0:0
		INJECTED from AndroidManifest.xml:0:0
uses-sdk
ADDED from AndroidManifest.xml:14:5
	android:targetSdkVersion
		ADDED from AndroidManifest.xml:14:41
		INJECTED from AndroidManifest.xml:0:0
		INJECTED from AndroidManifest.xml:0:0
	android:minSdkVersion
		ADDED from AndroidManifest.xml:14:15
		INJECTED from AndroidManifest.xml:0:0
		INJECTED from AndroidManifest.xml:0:0
application
ADDED from AndroidManifest.xml:15:5
	android:label
		ADDED from AndroidManifest.xml:16:11
	android:icon
		ADDED from AndroidManifest.xml:15:18
activity#org.example.ecoscapes.EcoscapesSalt
ADDED from AndroidManifest.xml:18:9
	android:label
		ADDED from AndroidManifest.xml:19:15
	android:name
		ADDED from AndroidManifest.xml:18:19
intent-filter#android.intent.action.MAIN+android.intent.category.LAUNCHER
ADDED from AndroidManifest.xml:20:13
action#android.intent.action.MAIN
ADDED from AndroidManifest.xml:21:17
	android:name
		ADDED from AndroidManifest.xml:21:25
category#android.intent.category.LAUNCHER
ADDED from AndroidManifest.xml:22:17
	android:name
		ADDED from AndroidManifest.xml:22:27
activity#org.example.ecoscapes.Prefs
ADDED from AndroidManifest.xml:25:9
	android:label
		ADDED from AndroidManifest.xml:26:15
	android:name
		ADDED from AndroidManifest.xml:25:19
activity#org.example.ecoscapes.InformationActivity
ADDED from AndroidManifest.xml:28:9
	android:label
		ADDED from AndroidManifest.xml:29:13
	android:name
		ADDED from AndroidManifest.xml:28:19
activity#org.example.ecoscapes.Categories
ADDED from AndroidManifest.xml:31:9
	android:label
		ADDED from AndroidManifest.xml:32:13
	android:name
		ADDED from AndroidManifest.xml:31:19
activity#org.example.ecoscapes.Fish
ADDED from AndroidManifest.xml:34:13
	android:label
		ADDED from AndroidManifest.xml:35:17
	android:name
		ADDED from AndroidManifest.xml:34:23
activity#org.example.ecoscapes.BehindTheScenes
ADDED from AndroidManifest.xml:37:9
	android:label
		ADDED from AndroidManifest.xml:38:13
	android:name
		ADDED from AndroidManifest.xml:37:19
activity#org.example.ecoscapes.Coral
ADDED from AndroidManifest.xml:40:13
	android:label
		ADDED from AndroidManifest.xml:41:17
	android:name
		ADDED from AndroidManifest.xml:40:23
activity#org.example.ecoscapes.Game
ADDED from AndroidManifest.xml:43:17
	android:label
		ADDED from AndroidManifest.xml:44:21
	android:name
		ADDED from AndroidManifest.xml:43:27
activity#org.example.ecoscapes.Invertebrates
ADDED from AndroidManifest.xml:46:21
	android:label
		ADDED from AndroidManifest.xml:47:25
	android:name
		ADDED from AndroidManifest.xml:46:31